<?xml version="1.0" encoding="UTF-8" ?>
<testsuite errors="1" failures="0" hostname="yes4me" name="com.thomas.utils.TestNGTest" skipped="0" tests="1" time="0.496" timestamp="2015-09-21T15:55:47">
  <properties>
    <property name="java.vendor" value="Oracle Corporation" />
    <property name="lib.dir" value="C:\Users\Thomas\Desktop\Selenium Java\workspace\MyAntProject\lib" />
    <property name="sun.java.launcher" value="SUN_STANDARD" />
    <property name="sun.management.compiler" value="HotSpot 64-Bit Tiered Compilers" />
    <property name="os.name" value="Windows 8.1" />
    <property name="sun.boot.class.path" value="C:\Program Files\Java\jdk1.8.0_45\jre\lib\resources.jar;C:\Program Files\Java\jdk1.8.0_45\jre\lib\rt.jar;C:\Program Files\Java\jdk1.8.0_45\jre\lib\sunrsasign.jar;C:\Program Files\Java\jdk1.8.0_45\jre\lib\jsse.jar;C:\Program Files\Java\jdk1.8.0_45\jre\lib\jce.jar;C:\Program Files\Java\jdk1.8.0_45\jre\lib\charsets.jar;C:\Program Files\Java\jdk1.8.0_45\jre\lib\jfr.jar;C:\Program Files\Java\jdk1.8.0_45\jre\classes" />
    <property name="TODAY" value="September 21 2015" />
    <property name="sun.desktop" value="windows" />
    <property name="java.vm.specification.vendor" value="Oracle Corporation" />
    <property name="ant.home" value="C:\Program Files\apache-ant-1.9.6" />
    <property name="java.runtime.version" value="1.8.0_45-b15" />
    <property name="user.name" value="Thomas" />
    <property name="test.classes.dir" value="C:\Users\Thomas\Desktop\Selenium Java\workspace\MyAntProject\bin\com\thomas\utils" />
    <property name="build.dir" value="C:\Users\Thomas\Desktop\Selenium Java\workspace\MyAntProject\bin" />
    <property name="user.language" value="en" />
    <property name="sun.boot.library.path" value="C:\Program Files\Java\jdk1.8.0_45\jre\bin" />
    <property name="reports.dir" value="C:\Users\Thomas\Desktop\Selenium Java\workspace\MyAntProject\reports" />
    <property name="ant.project.default-target" value="main" />
    <property name="ant.project.name" value="My Custom Ant Project setup" />
    <property name="DSTAMP" value="20150921" />
    <property name="java.version" value="1.8.0_45" />
    <property name="user.timezone" value="America/Los_Angeles" />
    <property name="sun.arch.data.model" value="64" />
    <property name="java.endorsed.dirs" value="C:\Program Files\Java\jdk1.8.0_45\jre\lib\endorsed" />
    <property name="sun.cpu.isalist" value="amd64" />
    <property name="sun.jnu.encoding" value="Cp1252" />
    <property name="file.encoding.pkg" value="sun.io" />
    <property name="projectName" value="JUnitTest" />
    <property name="file.separator" value="\" />
    <property name="java.specification.name" value="Java Platform API Specification" />
    <property name="java.class.version" value="52.0" />
    <property name="user.country" value="US" />
    <property name="java.home" value="C:\Program Files\Java\jdk1.8.0_45\jre" />
    <property name="dist.dir" value="C:\Users\Thomas\Desktop\Selenium Java\workspace\MyAntProject\dist" />
    <property name="java.vm.info" value="mixed mode" />
    <property name="ant.file.type.My Custom Ant Project setup" value="file" />
    <property name="ant.file" value="C:\Users\Thomas\Desktop\Selenium Java\workspace\MyAntProject\build.xml" />
    <property name="os.version" value="6.3" />
    <property name="path.separator" value=";" />
    <property name="java.vm.version" value="25.45-b02" />
    <property name="user.variant" value="" />
    <property name="ant.library.dir" value="C:\Program Files\apache-ant-1.9.6\lib" />
    <property name="java.awt.printerjob" value="sun.awt.windows.WPrinterJob" />
    <property name="sun.io.unicode.encoding" value="UnicodeLittle" />
    <property name="awt.toolkit" value="sun.awt.windows.WToolkit" />
    <property name="sun.stdout.encoding" value="cp437" />
    <property name="ant.file.My Custom Ant Project setup" value="C:\Users\Thomas\Desktop\Selenium Java\workspace\MyAntProject\build.xml" />
    <property name="user.script" value="" />
    <property name="user.home" value="C:\Users\Thomas" />
    <property name="java.specification.vendor" value="Oracle Corporation" />
    <property name="java.library.path" value="C:\Program Files\Java\jdk1.8.0_45\jre\bin;C:\WINDOWS\Sun\Java\bin;C:\WINDOWS\system32;C:\WINDOWS;C:\Program Files (x86)\AMD APP\bin\x86_64;C:\Program Files (x86)\AMD APP\bin\x86;C:\WINDOWS\system32;C:\WINDOWS;C:\WINDOWS\System32\Wbem;C:\WINDOWS\System32\WindowsPowerShell\v1.0\;C:\Program Files (x86)\Windows Live\Shared;C:\Program Files (x86)\ATI Technologies\ATI.ACE\Core-Static;C:\Program Files (x86)\MySQL\MySQL Utilities 1.4.3\;C:\Program Files (x86)\MySQL\MySQL Utilities 1.4.3\Doctrine extensions for PHP\;C:\Ruby21-x64\bin;C:\Program Files\Java\jdk1.8.0_45\bin;C:\Program Files\gradle\bin;C:\Program Files\apache-ant-1.9.6\bin;C:\Ruby21-x64\bin;." />
    <property name="java.vendor.url" value="http://java.oracle.com/" />
    <property name="java.vm.vendor" value="Oracle Corporation" />
    <property name="java.runtime.name" value="Java(TM) SE Runtime Environment" />
    <property name="sun.java.command" value="org.apache.tools.ant.taskdefs.optional.junit.JUnitTestRunner com.thomas.utils.TestNGTest skipNonTests=false filtertrace=true haltOnError=false haltOnFailure=false formatter=org.apache.tools.ant.taskdefs.optional.junit.SummaryJUnitResultFormatter showoutput=true outputtoformatters=true logfailedtests=true threadid=0 logtestlistenerevents=false formatter=org.apache.tools.ant.taskdefs.optional.junit.XMLJUnitResultFormatter,C:\Users\Thomas\Desktop\Selenium Java\workspace\MyAntProject\reports\raw\TEST-com.thomas.utils.TestNGTest.xml crashfile=C:\Users\Thomas\Desktop\Selenium Java\workspace\MyAntProject\junitvmwatcher7461652328578786434.properties propsfile=C:\Users\Thomas\Desktop\Selenium Java\workspace\MyAntProject\junit1001546520561706568.properties" />
    <property name="java.class.path" value="C:\Users\Thomas\Desktop\Selenium Java\workspace\MyAntProject\lib\hamcrest-core-1.3.jar;C:\Users\Thomas\Desktop\Selenium Java\workspace\MyAntProject\lib\junit-4.12.jar;C:\Users\Thomas\Desktop\Selenium Java\workspace\MyAntProject\lib\selenium-java-2.47.1.jar;C:\Users\Thomas\Desktop\Selenium Java\workspace\MyAntProject\lib\selenium-server-standalone-2.47.1.jar;C:\Users\Thomas\Desktop\Selenium Java\workspace\MyAntProject\lib\testng-6.8.jar;C:\Users\Thomas\Desktop\Selenium Java\workspace\MyAntProject\bin;C:\Users\Thomas\Desktop\Selenium Java\workspace\MyAntProject;C:\Program Files\apache-ant-1.9.6\lib\ant-launcher.jar;C:\Program Files\apache-ant-1.9.6\lib\ant.jar;C:\Program Files\apache-ant-1.9.6\lib\ant-junit.jar;C:\Program Files\apache-ant-1.9.6\lib\ant-junit4.jar" />
    <property name="ant.version" value="Apache Ant(TM) version 1.9.6 compiled on June 29 2015" />
    <property name="jar_name" value="JUnitTest.jar" />
    <property name="TSTAMP" value="0855" />
    <property name="java.vm.specification.name" value="Java Virtual Machine Specification" />
    <property name="ant.file.type" value="file" />
    <property name="java.vm.specification.version" value="1.8" />
    <property name="sun.cpu.endian" value="little" />
    <property name="sun.os.patch.level" value="" />
    <property name="java.io.tmpdir" value="C:\Users\Thomas\AppData\Local\Temp\" />
    <property name="java.vendor.url.bug" value="http://bugreport.sun.com/bugreport/" />
    <property name="os.arch" value="amd64" />
    <property name="java.awt.graphicsenv" value="sun.awt.Win32GraphicsEnvironment" />
    <property name="java.ext.dirs" value="C:\Program Files\Java\jdk1.8.0_45\jre\lib\ext;C:\WINDOWS\Sun\Java\lib\ext" />
    <property name="user.dir" value="C:\Users\Thomas\Desktop\Selenium Java\workspace\MyAntProject" />
    <property name="line.separator" value="&#xd;&#xa;" />
    <property name="java.vm.name" value="Java HotSpot(TM) 64-Bit Server VM" />
    <property name="basedir" value="C:\Users\Thomas\Desktop\Selenium Java\workspace\MyAntProject" />
    <property name="ant.java.version" value="1.8" />
    <property name="ant.core.lib" value="C:\Program Files\apache-ant-1.9.6\lib\ant.jar" />
    <property name="file.encoding" value="Cp1252" />
    <property name="sun.stderr.encoding" value="cp437" />
    <property name="java.specification.version" value="1.8" />
    <property name="src.dir" value="C:\Users\Thomas\Desktop\Selenium Java\workspace\MyAntProject\src" />
    <property name="ant.project.invoked-targets" value="run-junit" />
  </properties>
  <testcase classname="com.thomas.utils.TestNGTest" name="initializationError" time="0.024">
    <error message="No runnable methods" type="java.lang.Exception">java.lang.Exception: No runnable methods
	at java.lang.reflect.Constructor.newInstance(Constructor.java:422)
</error>
  </testcase>
  <system-out><![CDATA[]]></system-out>
  <system-err><![CDATA[]]></system-err>
</testsuite>
