<?xml version="1.0" encoding="UTF-8"?>
<!-- Generated by org.testng.reporters.JUnitReportReporter -->
<testsuite hostname="yes4me" name="com.thomas.utils.TestNGTest" tests="5" failures="0" timestamp="21 Sep 2015 04:58:07 GMT" time="0.043" errors="0">
  <testcase name="test22" time="0.002" classname="com.thomas.utils.TestNGTest"/>
  <testcase name="test12" time="0.002" classname="com.thomas.utils.TestNGTest"/>
  <testcase name="runFinal" time="0.006" classname="com.thomas.utils.TestNGTest"/>
  <testcase name="test11" time="0.029" classname="com.thomas.utils.TestNGTest"/>
  <testcase name="test21" time="0.004" classname="com.thomas.utils.TestNGTest"/>
</testsuite> <!-- com.thomas.utils.TestNGTest -->
